2018-04-07 11:14:03,954 INFO org.apache.hadoop.hdfs.server.namenode.SecondaryNameNode: STARTUP_MSG: 
/************************************************************
STARTUP_MSG: Starting SecondaryNameNode
STARTUP_MSG:   host = d1/172.17.0.2
STARTUP_MSG:   args = []
STARTUP_MSG:   version = 2.7.1
STARTUP_MSG:   classpath = /usr/local/hadoop/etc/hadoop:/usr/local/hadoop/share/hadoop/common/lib/junit-4.11.jar:/usr/local/hadoop/share/hadoop/common/lib/jsp-api-2.1.jar:/usr/local/hadoop/share/hadoop/common/lib/jsch-0.1.42.jar:/usr/local/hadoop/share/hadoop/common/lib/httpclient-4.2.5.jar:/usr/local/hadoop/share/hadoop/common/lib/asm-3.2.jar:/usr/local/hadoop/share/hadoop/common/lib/jersey-core-1.9.jar:/usr/local/hadoop/share/hadoop/common/lib/zookeeper-3.4.6.jar:/usr/local/hadoop/share/hadoop/common/lib/slf4j-api-1.7.10.jar:/usr/local/hadoop/share/hadoop/common/lib/snappy-java-1.0.4.1.jar:/usr/local/hadoop/share/hadoop/common/lib/commons-compress-1.4.1.jar:/usr/local/hadoop/share/hadoop/common/lib/mockito-all-1.8.5.jar:/usr/local/hadoop/share/hadoop/common/lib/servlet-api-2.5.jar:/usr/local/hadoop/share/hadoop/common/lib/commons-collections-3.2.1.jar:/usr/local/hadoop/share/hadoop/common/lib/jersey-json-1.9.jar:/usr/local/hadoop/share/hadoop/common/lib/log4j-1.2.17.jar:/usr/local/hadoop/share/hadoop/common/lib/guava-11.0.2.jar:/usr/local/hadoop/share/hadoop/common/lib/commons-digester-1.8.jar:/usr/local/hadoop/share/hadoop/common/lib/api-asn1-api-1.0.0-M20.jar:/usr/local/hadoop/share/hadoop/common/lib/jaxb-impl-2.2.3-1.jar:/usr/local/hadoop/share/hadoop/common/lib/jackson-core-asl-1.9.13.jar:/usr/local/hadoop/share/hadoop/common/lib/jersey-server-1.9.jar:/usr/local/hadoop/share/hadoop/common/lib/curator-client-2.7.1.jar:/usr/local/hadoop/share/hadoop/common/lib/jackson-mapper-asl-1.9.13.jar:/usr/local/hadoop/share/hadoop/common/lib/jsr305-3.0.0.jar:/usr/local/hadoop/share/hadoop/common/lib/jackson-jaxrs-1.9.13.jar:/usr/local/hadoop/share/hadoop/common/lib/stax-api-1.0-2.jar:/usr/local/hadoop/share/hadoop/common/lib/paranamer-2.3.jar:/usr/local/hadoop/share/hadoop/common/lib/commons-beanutils-core-1.8.0.jar:/usr/local/hadoop/share/hadoop/common/lib/commons-net-3.1.jar:/usr/local/hadoop/share/hadoop/common/lib/hadoop-annotations-2.7.1.jar:/usr/local/hadoop/share/hadoop/common/lib/commons-beanutils-1.7.0.jar:/usr/local/hadoop/share/hadoop/common/lib/jaxb-api-2.2.2.jar:/usr/local/hadoop/share/hadoop/common/lib/jetty-6.1.26.jar:/usr/local/hadoop/share/hadoop/common/lib/commons-configuration-1.6.jar:/usr/local/hadoop/share/hadoop/common/lib/jets3t-0.9.0.jar:/usr/local/hadoop/share/hadoop/common/lib/slf4j-log4j12-1.7.10.jar:/usr/local/hadoop/share/hadoop/common/lib/curator-framework-2.7.1.jar:/usr/local/hadoop/share/hadoop/common/lib/hadoop-auth-2.7.1.jar:/usr/local/hadoop/share/hadoop/common/lib/java-xmlbuilder-0.4.jar:/usr/local/hadoop/share/hadoop/common/lib/commons-cli-1.2.jar:/usr/local/hadoop/share/hadoop/common/lib/httpcore-4.2.5.jar:/usr/local/hadoop/share/hadoop/common/lib/activation-1.1.jar:/usr/local/hadoop/share/hadoop/common/lib/avro-1.7.4.jar:/usr/local/hadoop/share/hadoop/common/lib/commons-io-2.4.jar:/usr/local/hadoop/share/hadoop/common/lib/jetty-util-6.1.26.jar:/usr/local/hadoop/share/hadoop/common/lib/htrace-core-3.1.0-incubating.jar:/usr/local/hadoop/share/hadoop/common/lib/curator-recipes-2.7.1.jar:/usr/local/hadoop/share/hadoop/common/lib/apacheds-i18n-2.0.0-M15.jar:/usr/local/hadoop/share/hadoop/common/lib/protobuf-java-2.5.0.jar:/usr/local/hadoop/share/hadoop/common/lib/apacheds-kerberos-codec-2.0.0-M15.jar:/usr/local/hadoop/share/hadoop/common/lib/netty-3.6.2.Final.jar:/usr/local/hadoop/share/hadoop/common/lib/xmlenc-0.52.jar:/usr/local/hadoop/share/hadoop/common/lib/jackson-xc-1.9.13.jar:/usr/local/hadoop/share/hadoop/common/lib/gson-2.2.4.jar:/usr/local/hadoop/share/hadoop/common/lib/jettison-1.1.jar:/usr/local/hadoop/share/hadoop/common/lib/api-util-1.0.0-M20.jar:/usr/local/hadoop/share/hadoop/common/lib/hamcrest-core-1.3.jar:/usr/local/hadoop/share/hadoop/common/lib/commons-codec-1.4.jar:/usr/local/hadoop/share/hadoop/common/lib/commons-math3-3.1.1.jar:/usr/local/hadoop/share/hadoop/common/lib/xz-1.0.jar:/usr/local/hadoop/share/hadoop/common/lib/commons-lang-2.6.jar:/usr/local/hadoop/share/hadoop/common/lib/commons-logging-1.1.3.jar:/usr/local/hadoop/share/hadoop/common/lib/commons-httpclient-3.1.jar:/usr/local/hadoop/share/hadoop/common/hadoop-common-2.7.1-tests.jar:/usr/local/hadoop/share/hadoop/common/hadoop-nfs-2.7.1.jar:/usr/local/hadoop/share/hadoop/common/hadoop-common-2.7.1.jar:/usr/local/hadoop/share/hadoop/hdfs:/usr/local/hadoop/share/hadoop/hdfs/lib/xml-apis-1.3.04.jar:/usr/local/hadoop/share/hadoop/hdfs/lib/asm-3.2.jar:/usr/local/hadoop/share/hadoop/hdfs/lib/jersey-core-1.9.jar:/usr/local/hadoop/share/hadoop/hdfs/lib/servlet-api-2.5.jar:/usr/local/hadoop/share/hadoop/hdfs/lib/commons-daemon-1.0.13.jar:/usr/local/hadoop/share/hadoop/hdfs/lib/log4j-1.2.17.jar:/usr/local/hadoop/share/hadoop/hdfs/lib/guava-11.0.2.jar:/usr/local/hadoop/share/hadoop/hdfs/lib/jackson-core-asl-1.9.13.jar:/usr/local/hadoop/share/hadoop/hdfs/lib/jersey-server-1.9.jar:/usr/local/hadoop/share/hadoop/hdfs/lib/netty-all-4.0.23.Final.jar:/usr/local/hadoop/share/hadoop/hdfs/lib/jackson-mapper-asl-1.9.13.jar:/usr/local/hadoop/share/hadoop/hdfs/lib/jsr305-3.0.0.jar:/usr/local/hadoop/share/hadoop/hdfs/lib/jetty-6.1.26.jar:/usr/local/hadoop/share/hadoop/hdfs/lib/commons-cli-1.2.jar:/usr/local/hadoop/share/hadoop/hdfs/lib/commons-io-2.4.jar:/usr/local/hadoop/share/hadoop/hdfs/lib/jetty-util-6.1.26.jar:/usr/local/hadoop/share/hadoop/hdfs/lib/leveldbjni-all-1.8.jar:/usr/local/hadoop/share/hadoop/hdfs/lib/htrace-core-3.1.0-incubating.jar:/usr/local/hadoop/share/hadoop/hdfs/lib/protobuf-java-2.5.0.jar:/usr/local/hadoop/share/hadoop/hdfs/lib/netty-3.6.2.Final.jar:/usr/local/hadoop/share/hadoop/hdfs/lib/xmlenc-0.52.jar:/usr/local/hadoop/share/hadoop/hdfs/lib/xercesImpl-2.9.1.jar:/usr/local/hadoop/share/hadoop/hdfs/lib/commons-codec-1.4.jar:/usr/local/hadoop/share/hadoop/hdfs/lib/commons-lang-2.6.jar:/usr/local/hadoop/share/hadoop/hdfs/lib/commons-logging-1.1.3.jar:/usr/local/hadoop/share/hadoop/hdfs/hadoop-hdfs-nfs-2.7.1.jar:/usr/local/hadoop/share/hadoop/hdfs/hadoop-hdfs-2.7.1-tests.jar:/usr/local/hadoop/share/hadoop/hdfs/hadoop-hdfs-2.7.1.jar:/usr/local/hadoop/share/hadoop/yarn/lib/asm-3.2.jar:/usr/local/hadoop/share/hadoop/yarn/lib/jersey-client-1.9.jar:/usr/local/hadoop/share/hadoop/yarn/lib/zookeeper-3.4.6-tests.jar:/usr/local/hadoop/share/hadoop/yarn/lib/jersey-core-1.9.jar:/usr/local/hadoop/share/hadoop/yarn/lib/zookeeper-3.4.6.jar:/usr/local/hadoop/share/hadoop/yarn/lib/commons-compress-1.4.1.jar:/usr/local/hadoop/share/hadoop/yarn/lib/servlet-api-2.5.jar:/usr/local/hadoop/share/hadoop/yarn/lib/commons-collections-3.2.1.jar:/usr/local/hadoop/share/hadoop/yarn/lib/jersey-json-1.9.jar:/usr/local/hadoop/share/hadoop/yarn/lib/log4j-1.2.17.jar:/usr/local/hadoop/share/hadoop/yarn/lib/guava-11.0.2.jar:/usr/local/hadoop/share/hadoop/yarn/lib/jaxb-impl-2.2.3-1.jar:/usr/local/hadoop/share/hadoop/yarn/lib/jackson-core-asl-1.9.13.jar:/usr/local/hadoop/share/hadoop/yarn/lib/guice-3.0.jar:/usr/local/hadoop/share/hadoop/yarn/lib/jersey-server-1.9.jar:/usr/local/hadoop/share/hadoop/yarn/lib/jackson-mapper-asl-1.9.13.jar:/usr/local/hadoop/share/hadoop/yarn/lib/jsr305-3.0.0.jar:/usr/local/hadoop/share/hadoop/yarn/lib/jackson-jaxrs-1.9.13.jar:/usr/local/hadoop/share/hadoop/yarn/lib/stax-api-1.0-2.jar:/usr/local/hadoop/share/hadoop/yarn/lib/jaxb-api-2.2.2.jar:/usr/local/hadoop/share/hadoop/yarn/lib/jetty-6.1.26.jar:/usr/local/hadoop/share/hadoop/yarn/lib/commons-cli-1.2.jar:/usr/local/hadoop/share/hadoop/yarn/lib/aopalliance-1.0.jar:/usr/local/hadoop/share/hadoop/yarn/lib/activation-1.1.jar:/usr/local/hadoop/share/hadoop/yarn/lib/commons-io-2.4.jar:/usr/local/hadoop/share/hadoop/yarn/lib/jetty-util-6.1.26.jar:/usr/local/hadoop/share/hadoop/yarn/lib/leveldbjni-all-1.8.jar:/usr/local/hadoop/share/hadoop/yarn/lib/protobuf-java-2.5.0.jar:/usr/local/hadoop/share/hadoop/yarn/lib/netty-3.6.2.Final.jar:/usr/local/hadoop/share/hadoop/yarn/lib/javax.inject-1.jar:/usr/local/hadoop/share/hadoop/yarn/lib/jackson-xc-1.9.13.jar:/usr/local/hadoop/share/hadoop/yarn/lib/jettison-1.1.jar:/usr/local/hadoop/share/hadoop/yarn/lib/guice-servlet-3.0.jar:/usr/local/hadoop/share/hadoop/yarn/lib/commons-codec-1.4.jar:/usr/local/hadoop/share/hadoop/yarn/lib/xz-1.0.jar:/usr/local/hadoop/share/hadoop/yarn/lib/commons-lang-2.6.jar:/usr/local/hadoop/share/hadoop/yarn/lib/commons-logging-1.1.3.jar:/usr/local/hadoop/share/hadoop/yarn/lib/jersey-guice-1.9.jar:/usr/local/hadoop/share/hadoop/yarn/hadoop-yarn-common-2.7.1.jar:/usr/local/hadoop/share/hadoop/yarn/hadoop-yarn-server-nodemanager-2.7.1.jar:/usr/local/hadoop/share/hadoop/yarn/hadoop-yarn-applications-distributedshell-2.7.1.jar:/usr/local/hadoop/share/hadoop/yarn/hadoop-yarn-server-applicationhistoryservice-2.7.1.jar:/usr/local/hadoop/share/hadoop/yarn/hadoop-yarn-api-2.7.1.jar:/usr/local/hadoop/share/hadoop/yarn/hadoop-yarn-server-common-2.7.1.jar:/usr/local/hadoop/share/hadoop/yarn/hadoop-yarn-server-tests-2.7.1.jar:/usr/local/hadoop/share/hadoop/yarn/hadoop-yarn-registry-2.7.1.jar:/usr/local/hadoop/share/hadoop/yarn/hadoop-yarn-applications-unmanaged-am-launcher-2.7.1.jar:/usr/local/hadoop/share/hadoop/yarn/hadoop-yarn-client-2.7.1.jar:/usr/local/hadoop/share/hadoop/yarn/hadoop-yarn-server-sharedcachemanager-2.7.1.jar:/usr/local/hadoop/share/hadoop/yarn/hadoop-yarn-server-web-proxy-2.7.1.jar:/usr/local/hadoop/share/hadoop/yarn/hadoop-yarn-server-resourcemanager-2.7.1.jar:/usr/local/hadoop/share/hadoop/mapreduce/lib/junit-4.11.jar:/usr/local/hadoop/share/hadoop/mapreduce/lib/asm-3.2.jar:/usr/local/hadoop/share/hadoop/mapreduce/lib/jersey-core-1.9.jar:/usr/local/hadoop/share/hadoop/mapreduce/lib/snappy-java-1.0.4.1.jar:/usr/local/hadoop/share/hadoop/mapreduce/lib/commons-compress-1.4.1.jar:/usr/local/hadoop/share/hadoop/mapreduce/lib/log4j-1.2.17.jar:/usr/local/hadoop/share/hadoop/mapreduce/lib/jackson-core-asl-1.9.13.jar:/usr/local/hadoop/share/hadoop/mapreduce/lib/guice-3.0.jar:/usr/local/hadoop/share/hadoop/mapreduce/lib/jersey-server-1.9.jar:/usr/local/hadoop/share/hadoop/mapreduce/lib/jackson-mapper-asl-1.9.13.jar:/usr/local/hadoop/share/hadoop/mapreduce/lib/paranamer-2.3.jar:/usr/local/hadoop/share/hadoop/mapreduce/lib/hadoop-annotations-2.7.1.jar:/usr/local/hadoop/share/hadoop/mapreduce/lib/aopalliance-1.0.jar:/usr/local/hadoop/share/hadoop/mapreduce/lib/avro-1.7.4.jar:/usr/local/hadoop/share/hadoop/mapreduce/lib/commons-io-2.4.jar:/usr/local/hadoop/share/hadoop/mapreduce/lib/leveldbjni-all-1.8.jar:/usr/local/hadoop/share/hadoop/mapreduce/lib/protobuf-java-2.5.0.jar:/usr/local/hadoop/share/hadoop/mapreduce/lib/netty-3.6.2.Final.jar:/usr/local/hadoop/share/hadoop/mapreduce/lib/javax.inject-1.jar:/usr/local/hadoop/share/hadoop/mapreduce/lib/hamcrest-core-1.3.jar:/usr/local/hadoop/share/hadoop/mapreduce/lib/guice-servlet-3.0.jar:/usr/local/hadoop/share/hadoop/mapreduce/lib/xz-1.0.jar:/usr/local/hadoop/share/hadoop/mapreduce/lib/jersey-guice-1.9.jar:/usr/local/hadoop/share/hadoop/mapreduce/hadoop-mapreduce-client-shuffle-2.7.1.jar:/usr/local/hadoop/share/hadoop/mapreduce/hadoop-mapreduce-client-jobclient-2.7.1.jar:/usr/local/hadoop/share/hadoop/mapreduce/hadoop-mapreduce-client-core-2.7.1.jar:/usr/local/hadoop/share/hadoop/mapreduce/hadoop-mapreduce-client-common-2.7.1.jar:/usr/local/hadoop/share/hadoop/mapreduce/hadoop-mapreduce-examples-2.7.1.jar:/usr/local/hadoop/share/hadoop/mapreduce/hadoop-mapreduce-client-hs-plugins-2.7.1.jar:/usr/local/hadoop/share/hadoop/mapreduce/hadoop-mapreduce-client-app-2.7.1.jar:/usr/local/hadoop/share/hadoop/mapreduce/hadoop-mapreduce-client-hs-2.7.1.jar:/usr/local/hadoop/share/hadoop/mapreduce/hadoop-mapreduce-client-jobclient-2.7.1-tests.jar:/contrib/capacity-scheduler/*.jar:/usr/local/hadoop/contrib/capacity-scheduler/*.jar:/usr/local/hadoop/contrib/capacity-scheduler/*.jar
STARTUP_MSG:   build = https://git-wip-us.apache.org/repos/asf/hadoop.git -r 15ecc87ccf4a0228f35af08fc56de536e6ce657a; compiled by 'jenkins' on 2015-06-29T06:04Z
STARTUP_MSG:   java = 1.8.0_161
************************************************************/
2018-04-07 11:14:05,208 INFO org.apache.hadoop.hdfs.server.namenode.SecondaryNameNode: registered UNIX signal handlers for [TERM, HUP, INT]
2018-04-07 11:15:35,362 INFO org.apache.hadoop.metrics2.impl.MetricsConfig: loaded properties from hadoop-metrics2.properties
2018-04-07 11:15:36,608 INFO org.apache.hadoop.metrics2.impl.MetricsSystemImpl: Scheduled snapshot period at 10 second(s).
2018-04-07 11:15:36,608 INFO org.apache.hadoop.metrics2.impl.MetricsSystemImpl: SecondaryNameNode metrics system started
2018-04-07 11:16:02,464 INFO org.apache.hadoop.hdfs.server.common.Storage: Lock on /app/hadoop/tmp/dfs/namesecondary/in_use.lock acquired by nodename 386@d1
2018-04-07 11:16:02,661 INFO org.apache.hadoop.hdfs.server.namenode.FSNamesystem: No KeyProvider found.
2018-04-07 11:16:02,661 INFO org.apache.hadoop.hdfs.server.namenode.FSNamesystem: fsLock is fair:true
2018-04-07 11:16:05,006 INFO org.apache.hadoop.hdfs.server.blockmanagement.DatanodeManager: dfs.block.invalidate.limit=1000
2018-04-07 11:16:05,007 INFO org.apache.hadoop.hdfs.server.blockmanagement.DatanodeManager: dfs.namenode.datanode.registration.ip-hostname-check=true
2018-04-07 11:16:05,105 INFO org.apache.hadoop.hdfs.server.blockmanagement.BlockManager: dfs.namenode.startup.delay.block.deletion.sec is set to 000:00:00:00.000
2018-04-07 11:16:05,210 INFO org.apache.hadoop.hdfs.server.blockmanagement.BlockManager: The block deletion will start around 2018 Apr 07 11:16:05
2018-04-07 11:16:05,297 INFO org.apache.hadoop.util.GSet: Computing capacity for map BlocksMap
2018-04-07 11:16:05,297 INFO org.apache.hadoop.util.GSet: VM type       = 64-bit
2018-04-07 11:16:05,454 INFO org.apache.hadoop.util.GSet: 2.0% max memory 889 MB = 17.8 MB
2018-04-07 11:16:05,454 INFO org.apache.hadoop.util.GSet: capacity      = 2^21 = 2097152 entries
2018-04-07 11:16:06,052 INFO org.apache.hadoop.hdfs.server.blockmanagement.BlockManager: dfs.block.access.token.enable=false
2018-04-07 11:16:06,053 INFO org.apache.hadoop.hdfs.server.blockmanagement.BlockManager: defaultReplication         = 1
2018-04-07 11:16:06,053 INFO org.apache.hadoop.hdfs.server.blockmanagement.BlockManager: maxReplication             = 512
2018-04-07 11:16:06,053 INFO org.apache.hadoop.hdfs.server.blockmanagement.BlockManager: minReplication             = 1
2018-04-07 11:16:06,053 INFO org.apache.hadoop.hdfs.server.blockmanagement.BlockManager: maxReplicationStreams      = 2
2018-04-07 11:16:06,053 INFO org.apache.hadoop.hdfs.server.blockmanagement.BlockManager: shouldCheckForEnoughRacks  = false
2018-04-07 11:16:06,053 INFO org.apache.hadoop.hdfs.server.blockmanagement.BlockManager: replicationRecheckInterval = 3000
2018-04-07 11:16:06,053 INFO org.apache.hadoop.hdfs.server.blockmanagement.BlockManager: encryptDataTransfer        = false
2018-04-07 11:16:06,053 INFO org.apache.hadoop.hdfs.server.blockmanagement.BlockManager: maxNumBlocksToLog          = 1000
2018-04-07 11:16:06,126 INFO org.apache.hadoop.hdfs.server.namenode.FSNamesystem: fsOwner             = root (auth:SIMPLE)
2018-04-07 11:16:06,126 INFO org.apache.hadoop.hdfs.server.namenode.FSNamesystem: supergroup          = supergroup
2018-04-07 11:16:06,126 INFO org.apache.hadoop.hdfs.server.namenode.FSNamesystem: isPermissionEnabled = true
2018-04-07 11:16:06,127 INFO org.apache.hadoop.hdfs.server.namenode.FSNamesystem: HA Enabled: false
2018-04-07 11:16:06,218 INFO org.apache.hadoop.hdfs.server.namenode.FSNamesystem: Append Enabled: true
2018-04-07 11:16:40,625 INFO org.apache.hadoop.util.GSet: Computing capacity for map INodeMap
2018-04-07 11:16:40,625 INFO org.apache.hadoop.util.GSet: VM type       = 64-bit
2018-04-07 11:16:40,625 INFO org.apache.hadoop.util.GSet: 1.0% max memory 889 MB = 8.9 MB
2018-04-07 11:16:40,625 INFO org.apache.hadoop.util.GSet: capacity      = 2^20 = 1048576 entries
2018-04-07 11:16:40,746 INFO org.apache.hadoop.hdfs.server.namenode.FSDirectory: ACLs enabled? false
2018-04-07 11:16:40,746 INFO org.apache.hadoop.hdfs.server.namenode.FSDirectory: XAttrs enabled? true
2018-04-07 11:16:40,780 INFO org.apache.hadoop.hdfs.server.namenode.FSDirectory: Maximum size of an xattr: 16384
2018-04-07 11:16:40,781 INFO org.apache.hadoop.hdfs.server.namenode.NameNode: Caching file names occuring more than 10 times
2018-04-07 11:16:41,237 INFO org.apache.hadoop.util.GSet: Computing capacity for map cachedBlocks
2018-04-07 11:16:41,237 INFO org.apache.hadoop.util.GSet: VM type       = 64-bit
2018-04-07 11:16:41,238 INFO org.apache.hadoop.util.GSet: 0.25% max memory 889 MB = 2.2 MB
2018-04-07 11:16:41,238 INFO org.apache.hadoop.util.GSet: capacity      = 2^18 = 262144 entries
2018-04-07 11:16:41,469 INFO org.apache.hadoop.hdfs.server.namenode.FSNamesystem: dfs.namenode.safemode.threshold-pct = 0.9990000128746033
2018-04-07 11:16:41,470 INFO org.apache.hadoop.hdfs.server.namenode.FSNamesystem: dfs.namenode.safemode.min.datanodes = 0
2018-04-07 11:16:41,470 INFO org.apache.hadoop.hdfs.server.namenode.FSNamesystem: dfs.namenode.safemode.extension     = 30000
2018-04-07 11:16:41,741 INFO org.apache.hadoop.hdfs.server.namenode.top.metrics.TopMetrics: NNTop conf: dfs.namenode.top.window.num.buckets = 10
2018-04-07 11:16:41,742 INFO org.apache.hadoop.hdfs.server.namenode.top.metrics.TopMetrics: NNTop conf: dfs.namenode.top.num.users = 10
2018-04-07 11:16:41,742 INFO org.apache.hadoop.hdfs.server.namenode.top.metrics.TopMetrics: NNTop conf: dfs.namenode.top.windows.minutes = 1,5,25
2018-04-07 11:16:42,594 INFO org.apache.hadoop.hdfs.DFSUtil: Starting Web-server for secondary at: http://0.0.0.0:50090
2018-04-07 11:16:45,018 INFO org.mortbay.log: Logging to org.slf4j.impl.Log4jLoggerAdapter(org.mortbay.log) via org.mortbay.log.Slf4jLog
2018-04-07 11:16:45,224 INFO org.apache.hadoop.security.authentication.server.AuthenticationFilter: Unable to initialize FileSignerSecretProvider, falling back to use random secrets.
2018-04-07 11:16:45,359 INFO org.apache.hadoop.http.HttpRequestLog: Http request log for http.requests.secondary is not defined
2018-04-07 11:16:45,484 INFO org.apache.hadoop.http.HttpServer2: Added global filter 'safety' (class=org.apache.hadoop.http.HttpServer2$QuotingInputFilter)
2018-04-07 11:16:45,515 INFO org.apache.hadoop.http.HttpServer2: Added filter static_user_filter (class=org.apache.hadoop.http.lib.StaticUserWebFilter$StaticUserFilter) to context secondary
2018-04-07 11:16:45,529 INFO org.apache.hadoop.http.HttpServer2: Added filter static_user_filter (class=org.apache.hadoop.http.lib.StaticUserWebFilter$StaticUserFilter) to context logs
2018-04-07 11:16:45,529 INFO org.apache.hadoop.http.HttpServer2: Added filter static_user_filter (class=org.apache.hadoop.http.lib.StaticUserWebFilter$StaticUserFilter) to context static
2018-04-07 11:16:45,887 INFO org.apache.hadoop.http.HttpServer2: Jetty bound to port 50090
2018-04-07 11:16:45,887 INFO org.mortbay.log: jetty-6.1.26
2018-04-07 11:16:58,608 INFO org.mortbay.log: Started HttpServer2$SelectChannelConnectorWithSafeStartup@0.0.0.0:50090
2018-04-07 11:16:58,608 INFO org.apache.hadoop.hdfs.server.namenode.SecondaryNameNode: Web server init done
2018-04-07 11:16:58,752 INFO org.apache.hadoop.hdfs.server.namenode.SecondaryNameNode: Checkpoint Period   :3600 secs (60 min)
2018-04-07 11:16:58,752 INFO org.apache.hadoop.hdfs.server.namenode.SecondaryNameNode: Log Size Trigger    :1000000 txns
2018-04-07 11:48:16,894 INFO org.apache.hadoop.hdfs.server.namenode.SecondaryNameNode: Image has changed. Downloading updated image from NN.
2018-04-07 11:48:28,811 INFO org.apache.hadoop.hdfs.server.namenode.TransferFsImage: Opening connection to http://localhost:50070/imagetransfer?getimage=1&txid=0&storageInfo=-63:908347472:0:CID-80c62b17-d167-4a91-b61a-4f5c8ad21ae8
2018-04-07 11:48:33,683 INFO org.apache.hadoop.hdfs.server.namenode.TransferFsImage: Image Transfer timeout configured to 60000 milliseconds
2018-04-07 11:48:50,375 INFO org.apache.hadoop.hdfs.server.namenode.TransferFsImage: Transfer took 3.41s at 0.00 KB/s
2018-04-07 11:48:50,381 INFO org.apache.hadoop.hdfs.server.namenode.TransferFsImage: Downloaded file fsimage.ckpt_0000000000000000000 size 351 bytes.
2018-04-07 11:48:50,817 INFO org.apache.hadoop.hdfs.server.namenode.TransferFsImage: Opening connection to http://localhost:50070/imagetransfer?getedit=1&startTxId=1&endTxId=101&storageInfo=-63:908347472:0:CID-80c62b17-d167-4a91-b61a-4f5c8ad21ae8
2018-04-07 11:48:51,127 INFO org.apache.hadoop.hdfs.server.namenode.TransferFsImage: Transfer took 0.07s at 166.67 KB/s
2018-04-07 11:48:51,153 INFO org.apache.hadoop.hdfs.server.namenode.TransferFsImage: Downloaded file edits_tmp_0000000000000000001-0000000000000000101_0000000000003681780 size 0 bytes.
2018-04-07 11:48:54,521 INFO org.apache.hadoop.hdfs.server.namenode.FSImageFormatPBINode: Loading 1 INodes.
2018-04-07 11:48:58,859 INFO org.apache.hadoop.hdfs.server.namenode.FSImageFormatProtobuf: Loaded FSImage in 6 seconds.
2018-04-07 11:48:58,905 INFO org.apache.hadoop.hdfs.server.namenode.FSImage: Loaded image for txid 0 from /app/hadoop/tmp/dfs/namesecondary/current/fsimage_0000000000000000000
2018-04-07 11:48:58,906 INFO org.apache.hadoop.hdfs.server.namenode.NameCache: initialized with 0 entries 0 lookups
2018-04-07 11:48:59,457 INFO org.apache.hadoop.hdfs.server.namenode.Checkpointer: Checkpointer about to load edits from 1 stream(s).
2018-04-07 11:48:59,896 INFO org.apache.hadoop.hdfs.server.namenode.FSImage: Reading /app/hadoop/tmp/dfs/namesecondary/current/edits_0000000000000000001-0000000000000000101 expecting start txid #1
2018-04-07 11:48:59,898 INFO org.apache.hadoop.hdfs.server.namenode.FSImage: Start loading edits file /app/hadoop/tmp/dfs/namesecondary/current/edits_0000000000000000001-0000000000000000101
2018-04-07 11:49:01,398 INFO org.apache.hadoop.hdfs.server.namenode.FSEditLogLoader: replaying edit log: 1/101 transactions completed. (1%)
2018-04-07 11:49:02,674 INFO org.apache.hadoop.hdfs.server.namenode.FSEditLogLoader: replaying edit log: 2/101 transactions completed. (2%)
2018-04-07 11:49:03,683 INFO org.apache.hadoop.hdfs.server.namenode.FSEditLogLoader: replaying edit log: 32/101 transactions completed. (32%)
2018-04-07 11:49:04,696 INFO org.apache.hadoop.hdfs.server.namenode.FSEditLogLoader: replaying edit log: 94/101 transactions completed. (93%)
2018-04-07 11:49:04,771 INFO org.apache.hadoop.hdfs.server.namenode.FSImage: Edits file /app/hadoop/tmp/dfs/namesecondary/current/edits_0000000000000000001-0000000000000000101 of size 12173 edits # 101 loaded in 4 seconds
2018-04-07 11:49:10,925 INFO org.apache.hadoop.hdfs.server.namenode.FSImageTransactionalStorageInspector: No version file in /app/hadoop/tmp/dfs/namesecondary
2018-04-07 11:49:13,881 INFO org.apache.hadoop.hdfs.server.namenode.TransferFsImage: Uploaded image with txid 101 to namenode at http://localhost:50070 in 2.202 seconds
2018-04-07 11:49:13,909 WARN org.apache.hadoop.hdfs.server.namenode.SecondaryNameNode: Checkpoint done. New Image Size: 1704
2018-04-07 12:48:21,331 INFO org.apache.hadoop.hdfs.server.namenode.SecondaryNameNode: Image has not changed. Will not download image.
2018-04-07 12:48:21,339 INFO org.apache.hadoop.hdfs.server.namenode.TransferFsImage: Opening connection to http://localhost:50070/imagetransfer?getedit=1&startTxId=102&endTxId=215&storageInfo=-63:908347472:0:CID-80c62b17-d167-4a91-b61a-4f5c8ad21ae8
2018-04-07 12:48:21,410 INFO org.apache.hadoop.hdfs.server.namenode.TransferFsImage: Transfer took 0.02s at 608.70 KB/s
2018-04-07 12:48:21,410 INFO org.apache.hadoop.hdfs.server.namenode.TransferFsImage: Downloaded file edits_tmp_0000000000000000102-0000000000000000215_0000000000007252323 size 0 bytes.
2018-04-07 12:48:21,413 INFO org.apache.hadoop.hdfs.server.namenode.Checkpointer: Checkpointer about to load edits from 1 stream(s).
2018-04-07 12:48:21,413 INFO org.apache.hadoop.hdfs.server.namenode.FSImage: Reading /app/hadoop/tmp/dfs/namesecondary/current/edits_0000000000000000102-0000000000000000215 expecting start txid #102
2018-04-07 12:48:21,413 INFO org.apache.hadoop.hdfs.server.namenode.FSImage: Start loading edits file /app/hadoop/tmp/dfs/namesecondary/current/edits_0000000000000000102-0000000000000000215
2018-04-07 12:48:21,750 INFO org.apache.hadoop.hdfs.server.namenode.FSImage: Edits file /app/hadoop/tmp/dfs/namesecondary/current/edits_0000000000000000102-0000000000000000215 of size 14449 edits # 114 loaded in 0 seconds
2018-04-07 12:48:21,950 INFO org.apache.hadoop.hdfs.server.namenode.NNStorageRetentionManager: Going to retain 2 images with txid >= 101
2018-04-07 12:48:21,952 INFO org.apache.hadoop.hdfs.server.namenode.NNStorageRetentionManager: Purging old image FSImageFile(file=/app/hadoop/tmp/dfs/namesecondary/current/fsimage_0000000000000000000, cpktTxId=0000000000000000000)
2018-04-07 12:48:22,245 INFO org.apache.hadoop.hdfs.server.namenode.TransferFsImage: Uploaded image with txid 215 to namenode at http://localhost:50070 in 0.237 seconds
2018-04-07 12:48:22,354 WARN org.apache.hadoop.hdfs.server.namenode.SecondaryNameNode: Checkpoint done. New Image Size: 2652
2018-04-07 13:48:27,864 INFO org.apache.hadoop.hdfs.server.namenode.SecondaryNameNode: Image has not changed. Will not download image.
2018-04-07 13:48:27,878 INFO org.apache.hadoop.hdfs.server.namenode.TransferFsImage: Opening connection to http://localhost:50070/imagetransfer?getedit=1&startTxId=216&endTxId=217&storageInfo=-63:908347472:0:CID-80c62b17-d167-4a91-b61a-4f5c8ad21ae8
2018-04-07 13:48:28,004 INFO org.apache.hadoop.hdfs.server.namenode.TransferFsImage: Transfer took 0.05s at 0.00 KB/s
2018-04-07 13:48:28,005 INFO org.apache.hadoop.hdfs.server.namenode.TransferFsImage: Downloaded file edits_tmp_0000000000000000216-0000000000000000217_0000000000010858855 size 0 bytes.
2018-04-07 13:48:28,035 INFO org.apache.hadoop.hdfs.server.namenode.Checkpointer: Checkpointer about to load edits from 1 stream(s).
2018-04-07 13:48:28,057 INFO org.apache.hadoop.hdfs.server.namenode.FSImage: Reading /app/hadoop/tmp/dfs/namesecondary/current/edits_0000000000000000216-0000000000000000217 expecting start txid #216
2018-04-07 13:48:28,061 INFO org.apache.hadoop.hdfs.server.namenode.FSImage: Start loading edits file /app/hadoop/tmp/dfs/namesecondary/current/edits_0000000000000000216-0000000000000000217
2018-04-07 13:48:28,087 INFO org.apache.hadoop.hdfs.server.namenode.FSImage: Edits file /app/hadoop/tmp/dfs/namesecondary/current/edits_0000000000000000216-0000000000000000217 of size 42 edits # 2 loaded in 0 seconds
2018-04-07 13:48:28,486 INFO org.apache.hadoop.hdfs.server.namenode.NNStorageRetentionManager: Going to retain 2 images with txid >= 215
2018-04-07 13:48:28,487 INFO org.apache.hadoop.hdfs.server.namenode.NNStorageRetentionManager: Purging old image FSImageFile(file=/app/hadoop/tmp/dfs/namesecondary/current/fsimage_0000000000000000101, cpktTxId=0000000000000000101)
2018-04-07 13:48:28,922 INFO org.apache.hadoop.hdfs.server.namenode.TransferFsImage: Uploaded image with txid 217 to namenode at http://localhost:50070 in 0.304 seconds
2018-04-07 13:48:28,922 WARN org.apache.hadoop.hdfs.server.namenode.SecondaryNameNode: Checkpoint done. New Image Size: 2652
2018-04-07 14:48:36,945 INFO org.apache.hadoop.hdfs.server.namenode.SecondaryNameNode: Image has not changed. Will not download image.
2018-04-07 14:48:37,085 INFO org.apache.hadoop.hdfs.server.namenode.TransferFsImage: Opening connection to http://localhost:50070/imagetransfer?getedit=1&startTxId=218&endTxId=524&storageInfo=-63:908347472:0:CID-80c62b17-d167-4a91-b61a-4f5c8ad21ae8
2018-04-07 14:48:38,792 INFO org.apache.hadoop.hdfs.server.namenode.TransferFsImage: Transfer took 0.07s at 588.24 KB/s
2018-04-07 14:48:38,798 INFO org.apache.hadoop.hdfs.server.namenode.TransferFsImage: Downloaded file edits_tmp_0000000000000000218-0000000000000000524_0000000000014468047 size 0 bytes.
2018-04-07 14:48:38,817 INFO org.apache.hadoop.hdfs.server.namenode.Checkpointer: Checkpointer about to load edits from 1 stream(s).
2018-04-07 14:48:38,851 INFO org.apache.hadoop.hdfs.server.namenode.FSImage: Reading /app/hadoop/tmp/dfs/namesecondary/current/edits_0000000000000000218-0000000000000000524 expecting start txid #218
2018-04-07 14:48:38,865 INFO org.apache.hadoop.hdfs.server.namenode.FSImage: Start loading edits file /app/hadoop/tmp/dfs/namesecondary/current/edits_0000000000000000218-0000000000000000524
2018-04-07 14:48:39,867 INFO org.apache.hadoop.hdfs.server.namenode.FSEditLogLoader: replaying edit log: 281/307 transactions completed. (92%)
2018-04-07 14:48:39,914 INFO org.apache.hadoop.hdfs.server.namenode.FSImage: Edits file /app/hadoop/tmp/dfs/namesecondary/current/edits_0000000000000000218-0000000000000000524 of size 41127 edits # 307 loaded in 1 seconds
2018-04-07 14:48:40,167 INFO org.apache.hadoop.hdfs.server.namenode.NNStorageRetentionManager: Going to retain 2 images with txid >= 217
2018-04-07 14:48:40,172 INFO org.apache.hadoop.hdfs.server.namenode.NNStorageRetentionManager: Purging old image FSImageFile(file=/app/hadoop/tmp/dfs/namesecondary/current/fsimage_0000000000000000215, cpktTxId=0000000000000000215)
2018-04-07 14:48:40,530 INFO org.apache.hadoop.hdfs.server.namenode.TransferFsImage: Uploaded image with txid 524 to namenode at http://localhost:50070 in 0.304 seconds
2018-04-07 14:48:40,531 WARN org.apache.hadoop.hdfs.server.namenode.SecondaryNameNode: Checkpoint done. New Image Size: 5017
2018-04-07 15:48:48,586 INFO org.apache.hadoop.hdfs.server.namenode.SecondaryNameNode: Image has not changed. Will not download image.
2018-04-07 15:48:48,589 INFO org.apache.hadoop.hdfs.server.namenode.TransferFsImage: Opening connection to http://localhost:50070/imagetransfer?getedit=1&startTxId=525&endTxId=845&storageInfo=-63:908347472:0:CID-80c62b17-d167-4a91-b61a-4f5c8ad21ae8
2018-04-07 15:48:48,825 INFO org.apache.hadoop.hdfs.server.namenode.TransferFsImage: Transfer took 0.12s at 338.71 KB/s
2018-04-07 15:48:48,826 INFO org.apache.hadoop.hdfs.server.namenode.TransferFsImage: Downloaded file edits_tmp_0000000000000000525-0000000000000000845_0000000000018079573 size 0 bytes.
2018-04-07 15:48:48,842 INFO org.apache.hadoop.hdfs.server.namenode.Checkpointer: Checkpointer about to load edits from 1 stream(s).
2018-04-07 15:48:48,843 INFO org.apache.hadoop.hdfs.server.namenode.FSImage: Reading /app/hadoop/tmp/dfs/namesecondary/current/edits_0000000000000000525-0000000000000000845 expecting start txid #525
2018-04-07 15:48:48,862 INFO org.apache.hadoop.hdfs.server.namenode.FSImage: Start loading edits file /app/hadoop/tmp/dfs/namesecondary/current/edits_0000000000000000525-0000000000000000845
2018-04-07 15:48:49,882 INFO org.apache.hadoop.hdfs.server.namenode.FSEditLogLoader: replaying edit log: 223/321 transactions completed. (69%)
2018-04-07 15:48:50,917 INFO org.apache.hadoop.hdfs.server.namenode.FSEditLogLoader: replaying edit log: 299/321 transactions completed. (93%)
2018-04-07 15:48:51,321 INFO org.apache.hadoop.hdfs.server.namenode.FSImage: Edits file /app/hadoop/tmp/dfs/namesecondary/current/edits_0000000000000000525-0000000000000000845 of size 43195 edits # 321 loaded in 2 seconds
2018-04-07 15:48:52,058 INFO org.apache.hadoop.hdfs.server.namenode.NNStorageRetentionManager: Going to retain 2 images with txid >= 524
2018-04-07 15:48:52,097 INFO org.apache.hadoop.hdfs.server.namenode.NNStorageRetentionManager: Purging old image FSImageFile(file=/app/hadoop/tmp/dfs/namesecondary/current/fsimage_0000000000000000217, cpktTxId=0000000000000000217)
2018-04-07 15:48:52,909 INFO org.apache.hadoop.hdfs.server.namenode.TransferFsImage: Uploaded image with txid 845 to namenode at http://localhost:50070 in 0.598 seconds
2018-04-07 15:48:52,949 WARN org.apache.hadoop.hdfs.server.namenode.SecondaryNameNode: Checkpoint done. New Image Size: 7458
2018-04-07 16:48:58,458 INFO org.apache.hadoop.hdfs.server.namenode.SecondaryNameNode: Image has not changed. Will not download image.
2018-04-07 16:48:58,458 INFO org.apache.hadoop.hdfs.server.namenode.TransferFsImage: Opening connection to http://localhost:50070/imagetransfer?getedit=1&startTxId=846&endTxId=1153&storageInfo=-63:908347472:0:CID-80c62b17-d167-4a91-b61a-4f5c8ad21ae8
2018-04-07 16:48:58,491 INFO org.apache.hadoop.hdfs.server.namenode.TransferFsImage: Transfer took 0.02s at 1818.18 KB/s
2018-04-07 16:48:58,491 INFO org.apache.hadoop.hdfs.server.namenode.TransferFsImage: Downloaded file edits_tmp_0000000000000000846-0000000000000001153_0000000000021689443 size 0 bytes.
2018-04-07 16:48:58,491 INFO org.apache.hadoop.hdfs.server.namenode.Checkpointer: Checkpointer about to load edits from 1 stream(s).
2018-04-07 16:48:58,492 INFO org.apache.hadoop.hdfs.server.namenode.FSImage: Reading /app/hadoop/tmp/dfs/namesecondary/current/edits_0000000000000000846-0000000000000001153 expecting start txid #846
2018-04-07 16:48:58,492 INFO org.apache.hadoop.hdfs.server.namenode.FSImage: Start loading edits file /app/hadoop/tmp/dfs/namesecondary/current/edits_0000000000000000846-0000000000000001153
2018-04-07 16:48:58,556 INFO org.apache.hadoop.hdfs.server.namenode.FSImage: Edits file /app/hadoop/tmp/dfs/namesecondary/current/edits_0000000000000000846-0000000000000001153 of size 41795 edits # 308 loaded in 0 seconds
2018-04-07 16:48:58,642 INFO org.apache.hadoop.hdfs.server.namenode.NNStorageRetentionManager: Going to retain 2 images with txid >= 845
2018-04-07 16:48:58,642 INFO org.apache.hadoop.hdfs.server.namenode.NNStorageRetentionManager: Purging old image FSImageFile(file=/app/hadoop/tmp/dfs/namesecondary/current/fsimage_0000000000000000524, cpktTxId=0000000000000000524)
2018-04-07 16:48:58,716 INFO org.apache.hadoop.hdfs.server.namenode.TransferFsImage: Uploaded image with txid 1153 to namenode at http://localhost:50070 in 0.056 seconds
2018-04-07 16:48:58,716 WARN org.apache.hadoop.hdfs.server.namenode.SecondaryNameNode: Checkpoint done. New Image Size: 9830
2018-04-07 17:49:05,676 INFO org.apache.hadoop.hdfs.server.namenode.SecondaryNameNode: Image has not changed. Will not download image.
2018-04-07 17:49:05,689 INFO org.apache.hadoop.hdfs.server.namenode.TransferFsImage: Opening connection to http://localhost:50070/imagetransfer?getedit=1&startTxId=1154&endTxId=1309&storageInfo=-63:908347472:0:CID-80c62b17-d167-4a91-b61a-4f5c8ad21ae8
2018-04-07 17:49:05,829 INFO org.apache.hadoop.hdfs.server.namenode.TransferFsImage: Transfer took 0.03s at 606.06 KB/s
2018-04-07 17:49:05,829 INFO org.apache.hadoop.hdfs.server.namenode.TransferFsImage: Downloaded file edits_tmp_0000000000000001154-0000000000000001309_0000000000025296673 size 0 bytes.
2018-04-07 17:49:05,860 INFO org.apache.hadoop.hdfs.server.namenode.Checkpointer: Checkpointer about to load edits from 1 stream(s).
2018-04-07 17:49:05,878 INFO org.apache.hadoop.hdfs.server.namenode.FSImage: Reading /app/hadoop/tmp/dfs/namesecondary/current/edits_0000000000000001154-0000000000000001309 expecting start txid #1154
2018-04-07 17:49:05,885 INFO org.apache.hadoop.hdfs.server.namenode.FSImage: Start loading edits file /app/hadoop/tmp/dfs/namesecondary/current/edits_0000000000000001154-0000000000000001309
2018-04-07 17:49:06,813 INFO org.apache.hadoop.hdfs.server.namenode.FSImage: Edits file /app/hadoop/tmp/dfs/namesecondary/current/edits_0000000000000001154-0000000000000001309 of size 20898 edits # 156 loaded in 0 seconds
2018-04-07 17:49:07,843 INFO org.apache.hadoop.hdfs.server.namenode.NNStorageRetentionManager: Going to retain 2 images with txid >= 1153
2018-04-07 17:49:07,845 INFO org.apache.hadoop.hdfs.server.namenode.NNStorageRetentionManager: Purging old image FSImageFile(file=/app/hadoop/tmp/dfs/namesecondary/current/fsimage_0000000000000000845, cpktTxId=0000000000000000845)
2018-04-07 17:49:08,101 INFO org.apache.hadoop.hdfs.server.namenode.TransferFsImage: Uploaded image with txid 1309 to namenode at http://localhost:50070 in 0.169 seconds
2018-04-07 17:49:08,103 WARN org.apache.hadoop.hdfs.server.namenode.SecondaryNameNode: Checkpoint done. New Image Size: 11016
2018-04-07 18:49:18,621 INFO org.apache.hadoop.hdfs.server.namenode.SecondaryNameNode: Image has not changed. Will not download image.
2018-04-07 18:49:18,806 INFO org.apache.hadoop.hdfs.server.namenode.TransferFsImage: Opening connection to http://localhost:50070/imagetransfer?getedit=1&startTxId=1310&endTxId=1397&storageInfo=-63:908347472:0:CID-80c62b17-d167-4a91-b61a-4f5c8ad21ae8
2018-04-07 18:49:19,933 INFO org.apache.hadoop.hdfs.server.namenode.TransferFsImage: Transfer took 0.11s at 92.59 KB/s
2018-04-07 18:49:20,078 INFO org.apache.hadoop.hdfs.server.namenode.TransferFsImage: Downloaded file edits_tmp_0000000000000001310-0000000000000001397_0000000000028909791 size 0 bytes.
2018-04-07 18:49:20,140 INFO org.apache.hadoop.hdfs.server.namenode.Checkpointer: Checkpointer about to load edits from 1 stream(s).
2018-04-07 18:49:20,141 INFO org.apache.hadoop.hdfs.server.namenode.FSImage: Reading /app/hadoop/tmp/dfs/namesecondary/current/edits_0000000000000001310-0000000000000001397 expecting start txid #1310
2018-04-07 18:49:20,141 INFO org.apache.hadoop.hdfs.server.namenode.FSImage: Start loading edits file /app/hadoop/tmp/dfs/namesecondary/current/edits_0000000000000001310-0000000000000001397
2018-04-07 18:49:21,279 INFO org.apache.hadoop.hdfs.server.namenode.FSEditLogLoader: replaying edit log: 47/88 transactions completed. (53%)
2018-04-07 18:49:21,701 INFO org.apache.hadoop.hdfs.server.namenode.FSImage: Edits file /app/hadoop/tmp/dfs/namesecondary/current/edits_0000000000000001310-0000000000000001397 of size 10669 edits # 88 loaded in 1 seconds
2018-04-07 18:49:24,899 INFO org.apache.hadoop.hdfs.server.namenode.NNStorageRetentionManager: Going to retain 2 images with txid >= 1309
2018-04-07 18:49:24,924 INFO org.apache.hadoop.hdfs.server.namenode.NNStorageRetentionManager: Purging old image FSImageFile(file=/app/hadoop/tmp/dfs/namesecondary/current/fsimage_0000000000000001153, cpktTxId=0000000000000001153)
2018-04-07 18:49:25,841 INFO org.apache.hadoop.hdfs.server.namenode.TransferFsImage: Uploaded image with txid 1397 to namenode at http://localhost:50070 in 0.735 seconds
2018-04-07 18:49:25,842 WARN org.apache.hadoop.hdfs.server.namenode.SecondaryNameNode: Checkpoint done. New Image Size: 12948
2018-04-08 14:41:06,993 INFO org.apache.hadoop.hdfs.server.namenode.SecondaryNameNode: Image has not changed. Will not download image.
2018-04-08 14:41:06,997 INFO org.apache.hadoop.hdfs.server.namenode.TransferFsImage: Opening connection to http://localhost:50070/imagetransfer?getedit=1&startTxId=1398&endTxId=1777&storageInfo=-63:908347472:0:CID-80c62b17-d167-4a91-b61a-4f5c8ad21ae8
2018-04-08 14:41:07,208 INFO org.apache.hadoop.hdfs.server.namenode.TransferFsImage: Transfer took 0.04s at 1416.67 KB/s
2018-04-08 14:41:07,208 INFO org.apache.hadoop.hdfs.server.namenode.TransferFsImage: Downloaded file edits_tmp_0000000000000001398-0000000000000001777_0000000000032522759 size 0 bytes.
2018-04-08 14:41:07,211 INFO org.apache.hadoop.hdfs.server.namenode.Checkpointer: Checkpointer about to load edits from 1 stream(s).
2018-04-08 14:41:07,211 INFO org.apache.hadoop.hdfs.server.namenode.FSImage: Reading /app/hadoop/tmp/dfs/namesecondary/current/edits_0000000000000001398-0000000000000001777 expecting start txid #1398
2018-04-08 14:41:07,212 INFO org.apache.hadoop.hdfs.server.namenode.FSImage: Start loading edits file /app/hadoop/tmp/dfs/namesecondary/current/edits_0000000000000001398-0000000000000001777
2018-04-08 14:41:07,694 INFO org.apache.hadoop.hdfs.server.namenode.FSImage: Edits file /app/hadoop/tmp/dfs/namesecondary/current/edits_0000000000000001398-0000000000000001777 of size 53011 edits # 380 loaded in 0 seconds
2018-04-08 14:41:08,060 INFO org.apache.hadoop.hdfs.server.namenode.NNStorageRetentionManager: Going to retain 2 images with txid >= 1397
2018-04-08 14:41:08,061 INFO org.apache.hadoop.hdfs.server.namenode.NNStorageRetentionManager: Purging old image FSImageFile(file=/app/hadoop/tmp/dfs/namesecondary/current/fsimage_0000000000000001309, cpktTxId=0000000000000001309)
2018-04-08 14:41:08,649 INFO org.apache.hadoop.hdfs.server.namenode.TransferFsImage: Uploaded image with txid 1777 to namenode at http://localhost:50070 in 0.488 seconds
2018-04-08 14:41:08,652 WARN org.apache.hadoop.hdfs.server.namenode.SecondaryNameNode: Checkpoint done. New Image Size: 14573
2018-04-08 15:41:12,716 INFO org.apache.hadoop.hdfs.server.namenode.SecondaryNameNode: Image has not changed. Will not download image.
2018-04-08 15:41:12,724 INFO org.apache.hadoop.hdfs.server.namenode.TransferFsImage: Opening connection to http://localhost:50070/imagetransfer?getedit=1&startTxId=1778&endTxId=2237&storageInfo=-63:908347472:0:CID-80c62b17-d167-4a91-b61a-4f5c8ad21ae8
2018-04-08 15:41:12,738 INFO org.apache.hadoop.hdfs.server.namenode.TransferFsImage: Transfer took 0.01s at 5545.45 KB/s
2018-04-08 15:41:12,738 INFO org.apache.hadoop.hdfs.server.namenode.TransferFsImage: Downloaded file edits_tmp_0000000000000001778-0000000000000002237_0000000000036128486 size 0 bytes.
2018-04-08 15:41:12,738 INFO org.apache.hadoop.hdfs.server.namenode.Checkpointer: Checkpointer about to load edits from 1 stream(s).
2018-04-08 15:41:12,738 INFO org.apache.hadoop.hdfs.server.namenode.FSImage: Reading /app/hadoop/tmp/dfs/namesecondary/current/edits_0000000000000001778-0000000000000002237 expecting start txid #1778
2018-04-08 15:41:12,738 INFO org.apache.hadoop.hdfs.server.namenode.FSImage: Start loading edits file /app/hadoop/tmp/dfs/namesecondary/current/edits_0000000000000001778-0000000000000002237
2018-04-08 15:41:12,804 INFO org.apache.hadoop.hdfs.server.namenode.FSImage: Edits file /app/hadoop/tmp/dfs/namesecondary/current/edits_0000000000000001778-0000000000000002237 of size 62616 edits # 460 loaded in 0 seconds
2018-04-08 15:41:12,844 INFO org.apache.hadoop.hdfs.server.namenode.NNStorageRetentionManager: Going to retain 2 images with txid >= 1777
2018-04-08 15:41:12,844 INFO org.apache.hadoop.hdfs.server.namenode.NNStorageRetentionManager: Purging old image FSImageFile(file=/app/hadoop/tmp/dfs/namesecondary/current/fsimage_0000000000000001397, cpktTxId=0000000000000001397)
2018-04-08 15:41:12,878 INFO org.apache.hadoop.hdfs.server.namenode.TransferFsImage: Uploaded image with txid 2237 to namenode at http://localhost:50070 in 0.024 seconds
2018-04-08 15:41:12,878 WARN org.apache.hadoop.hdfs.server.namenode.SecondaryNameNode: Checkpoint done. New Image Size: 18142
2018-04-08 16:41:17,228 INFO org.apache.hadoop.hdfs.server.namenode.SecondaryNameNode: Image has not changed. Will not download image.
2018-04-08 16:41:17,229 INFO org.apache.hadoop.hdfs.server.namenode.TransferFsImage: Opening connection to http://localhost:50070/imagetransfer?getedit=1&startTxId=2238&endTxId=2249&storageInfo=-63:908347472:0:CID-80c62b17-d167-4a91-b61a-4f5c8ad21ae8
2018-04-08 16:41:17,400 INFO org.apache.hadoop.hdfs.server.namenode.TransferFsImage: Transfer took 0.08s at 0.00 KB/s
2018-04-08 16:41:17,401 INFO org.apache.hadoop.hdfs.server.namenode.TransferFsImage: Downloaded file edits_tmp_0000000000000002238-0000000000000002249_0000000000039732991 size 0 bytes.
2018-04-08 16:41:17,429 INFO org.apache.hadoop.hdfs.server.namenode.Checkpointer: Checkpointer about to load edits from 1 stream(s).
2018-04-08 16:41:17,448 INFO org.apache.hadoop.hdfs.server.namenode.FSImage: Reading /app/hadoop/tmp/dfs/namesecondary/current/edits_0000000000000002238-0000000000000002249 expecting start txid #2238
2018-04-08 16:41:17,449 INFO org.apache.hadoop.hdfs.server.namenode.FSImage: Start loading edits file /app/hadoop/tmp/dfs/namesecondary/current/edits_0000000000000002238-0000000000000002249
2018-04-08 16:41:17,508 INFO org.apache.hadoop.hdfs.server.namenode.FSImage: Edits file /app/hadoop/tmp/dfs/namesecondary/current/edits_0000000000000002238-0000000000000002249 of size 702 edits # 12 loaded in 0 seconds
2018-04-08 16:41:18,119 INFO org.apache.hadoop.hdfs.server.namenode.NNStorageRetentionManager: Going to retain 2 images with txid >= 2237
2018-04-08 16:41:18,128 INFO org.apache.hadoop.hdfs.server.namenode.NNStorageRetentionManager: Purging old image FSImageFile(file=/app/hadoop/tmp/dfs/namesecondary/current/fsimage_0000000000000001777, cpktTxId=0000000000000001777)
2018-04-08 16:41:18,535 INFO org.apache.hadoop.hdfs.server.namenode.TransferFsImage: Uploaded image with txid 2249 to namenode at http://localhost:50070 in 0.285 seconds
2018-04-08 16:41:18,541 WARN org.apache.hadoop.hdfs.server.namenode.SecondaryNameNode: Checkpoint done. New Image Size: 18142
